Arguments: 
  C:\Program Files\nodejs\node.exe C:\Users\Hameed Khamis\AppData\Roaming\npm\node_modules\@sanity\cli\vendor\yarn install --json --non-interactive --ignore-engines --network-timeout 60000 --registry https://registry.npmjs.org

PATH: 
  C:\Users\Hameed Khamis\AppData\Roaming\npm\node_modules\vendor;C:\WINDOWS\system32;C:\WINDOWS;C:\WINDOWS\System32\Wbem;C:\WINDOWS\System32\WindowsPowerShell\v1.0\;C:\WINDOWS\System32\OpenSSH\;C:\Program Files\Git\cmd;C:\Program Files\nodejs\;C:\ProgramData\chocolatey\bin;C:\Users\Hameed Khamis\AppData\Local\Programs\Python\Python310\Scripts\;C:\Users\Hameed Khamis\AppData\Local\Programs\Python\Python310\;C:\Users\Hameed Khamis\AppData\Local\Microsoft\WindowsApps;C:\Users\Hameed Khamis\AppData\Local\Programs\Microsoft VS Code\bin;C:\Users\Hameed Khamis\AppData\Local\GitHubDesktop\bin;C:\Users\Hameed Khamis\AppData\Roaming\npm

Yarn version: 
  1.22.17

Node version: 
  16.13.2

Platform: 
  win32 x64

Trace: 
  Error: https://registry.npmjs.org/date-fns/-/date-fns-2.28.0.tgz: ESOCKETTIMEDOUT
      at ClientRequest.<anonymous> (C:\Users\Hameed Khamis\AppData\Roaming\npm\node_modules\@sanity\cli\vendor\yarn:135945:19)
      at Object.onceWrapper (node:events:509:28)
      at ClientRequest.emit (node:events:390:28)
      at TLSSocket.emitRequestTimeout (node:_http_client:763:9)
      at Object.onceWrapper (node:events:509:28)
      at TLSSocket.emit (node:events:402:35)
      at TLSSocket.Socket._onTimeout (node:net:501:8)
      at listOnTimeout (node:internal/timers:557:17)
      at processTimers (node:internal/timers:500:7)

npm manifest: 
  {
    "name": "sharemeapp",
    "private": true,
    "version": "1.0.0",
    "description": "",
    "main": "package.json",
    "author": "Abdelhamid Khamis <abdelhameedkhamis50@gmail.com>",
    "license": "UNLICENSED",
    "scripts": {
      "start": "sanity start",
      "build": "sanity build"
    },
    "keywords": [
      "sanity"
    ],
    "dependencies": {
      "@sanity/base": "^2.24.1",
      "@sanity/core": "^2.24.0",
      "@sanity/default-layout": "^2.24.1",
      "@sanity/default-login": "^2.24.1",
      "@sanity/desk-tool": "^2.24.1",
      "@sanity/vision": "^2.24.1",
      "prop-types": "^15.7",
      "react": "^17.0",
      "react-dom": "^17.0",
      "styled-components": "^5.2.0"
    },
    "devDependencies": {}
  }

yarn manifest: 
  No manifest

Lockfile: 
  No lockfile
